2025-08-20T08:05:03.687720Z DEBUG sqlx::query: summary="SELECT current_database()" db.statement="" rows_affected=1 rows_returned=1 elapsed=643.936µs elapsed_secs=0.000643936
2025-08-20T08:05:03.688465Z DEBUG sqlx::query: summary="SELECT pg_advisory_lock($1)" db.statement="" rows_affected=1 rows_returned=1 elapsed=665.542µs elapsed_secs=0.000665542
2025-08-20T08:05:03.688862Z  INFO sqlx::postgres::notice: relation "_sqlx_migrations" already exists, skipping
2025-08-20T08:05:03.688900Z DEBUG sqlx::query: summary="CREATE TABLE IF NOT …" db.statement="\n\n\nCREATE TABLE IF NOT EXISTS _sqlx_migrations (\n    version BIGINT PRIMARY KEY,\n    description TEXT NOT NULL,\n    installed_on TIMESTAMPTZ NOT NULL DEFAULT now(),\n    success BOOLEAN NOT NULL,\n    checksum BYTEA NOT NULL,\n    execution_time BIGINT NOT NULL\n);\n                \n" rows_affected=0 rows_returned=0 elapsed=386.034µs elapsed_secs=0.000386034
2025-08-20T08:05:03.690424Z DEBUG sqlx::query: summary="SELECT version FROM _sqlx_migrations …" db.statement="\n\nSELECT version FROM _sqlx_migrations WHERE success = false ORDER BY version LIMIT 1\n" rows_affected=0 rows_returned=0 elapsed=1.456045ms elapsed_secs=0.001456045
2025-08-20T08:05:03.690851Z DEBUG sqlx::query: summary="SELECT version, checksum FROM …" db.statement="\n\nSELECT version, checksum FROM _sqlx_migrations ORDER BY version\n" rows_affected=1 rows_returned=1 elapsed=380.266µs elapsed_secs=0.000380266
2025-08-20T08:05:03.691180Z DEBUG sqlx::query: summary="SELECT current_database()" db.statement="" rows_affected=1 rows_returned=1 elapsed=261.96µs elapsed_secs=0.00026196
2025-08-20T08:05:03.691465Z DEBUG sqlx::query: summary="SELECT pg_advisory_unlock($1)" db.statement="" rows_affected=1 rows_returned=1 elapsed=243.256µs elapsed_secs=0.000243256
2025-08-20T08:05:03.691536Z  INFO backend: Database connection established.
2025-08-20T08:05:03.692369Z  INFO backend: Server listening on 0.0.0.0:8085
2025-08-20T08:05:16.765593Z DEBUG sqlx::query: summary="SELECT current_database()" db.statement="" rows_affected=1 rows_returned=1 elapsed=622.644µs elapsed_secs=0.000622644
2025-08-20T08:05:16.766207Z DEBUG sqlx::query: summary="SELECT pg_advisory_lock($1)" db.statement="" rows_affected=1 rows_returned=1 elapsed=522.994µs elapsed_secs=0.000522994
2025-08-20T08:05:16.766575Z  INFO sqlx::postgres::notice: relation "_sqlx_migrations" already exists, skipping
2025-08-20T08:05:16.766636Z DEBUG sqlx::query: summary="CREATE TABLE IF NOT …" db.statement="\n\n\nCREATE TABLE IF NOT EXISTS _sqlx_migrations (\n    version BIGINT PRIMARY KEY,\n    description TEXT NOT NULL,\n    installed_on TIMESTAMPTZ NOT NULL DEFAULT now(),\n    success BOOLEAN NOT NULL,\n    checksum BYTEA NOT NULL,\n    execution_time BIGINT NOT NULL\n);\n                \n" rows_affected=0 rows_returned=0 elapsed=381.644µs elapsed_secs=0.000381644
2025-08-20T08:05:16.768010Z DEBUG sqlx::query: summary="SELECT version FROM _sqlx_migrations …" db.statement="\n\nSELECT version FROM _sqlx_migrations WHERE success = false ORDER BY version LIMIT 1\n" rows_affected=0 rows_returned=0 elapsed=1.337817ms elapsed_secs=0.001337817
2025-08-20T08:05:16.768537Z DEBUG sqlx::query: summary="SELECT version, checksum FROM …" db.statement="\n\nSELECT version, checksum FROM _sqlx_migrations ORDER BY version\n" rows_affected=1 rows_returned=1 elapsed=479.753µs elapsed_secs=0.000479753
2025-08-20T08:05:16.768850Z DEBUG sqlx::query: summary="SELECT current_database()" db.statement="" rows_affected=1 rows_returned=1 elapsed=221.617µs elapsed_secs=0.000221617
2025-08-20T08:05:16.769157Z DEBUG sqlx::query: summary="SELECT pg_advisory_unlock($1)" db.statement="" rows_affected=1 rows_returned=1 elapsed=258.283µs elapsed_secs=0.000258283
2025-08-20T08:05:16.769228Z  INFO backend: Database connection established.
2025-08-20T08:05:16.770099Z  INFO backend: Server listening on 0.0.0.0:8085
2025-08-20T12:48:35.862397Z DEBUG sqlx::query: summary="SELECT current_database()" db.statement="" rows_affected=1 rows_returned=1 elapsed=634.158µs elapsed_secs=0.000634158
2025-08-20T12:48:35.862910Z DEBUG sqlx::query: summary="SELECT pg_advisory_lock($1)" db.statement="" rows_affected=1 rows_returned=1 elapsed=413.01µs elapsed_secs=0.00041301
2025-08-20T12:48:35.863233Z  INFO sqlx::postgres::notice: relation "_sqlx_migrations" already exists, skipping
2025-08-20T12:48:35.863269Z DEBUG sqlx::query: summary="CREATE TABLE IF NOT …" db.statement="\n\n\nCREATE TABLE IF NOT EXISTS _sqlx_migrations (\n    version BIGINT PRIMARY KEY,\n    description TEXT NOT NULL,\n    installed_on TIMESTAMPTZ NOT NULL DEFAULT now(),\n    success BOOLEAN NOT NULL,\n    checksum BYTEA NOT NULL,\n    execution_time BIGINT NOT NULL\n);\n                \n" rows_affected=0 rows_returned=0 elapsed=310.104µs elapsed_secs=0.000310104
2025-08-20T12:48:35.864755Z DEBUG sqlx::query: summary="SELECT version FROM _sqlx_migrations …" db.statement="\n\nSELECT version FROM _sqlx_migrations WHERE success = false ORDER BY version LIMIT 1\n" rows_affected=0 rows_returned=0 elapsed=1.448397ms elapsed_secs=0.001448397
2025-08-20T12:48:35.865194Z DEBUG sqlx::query: summary="SELECT version, checksum FROM …" db.statement="\n\nSELECT version, checksum FROM _sqlx_migrations ORDER BY version\n" rows_affected=1 rows_returned=1 elapsed=392.2µs elapsed_secs=0.0003922
2025-08-20T12:48:35.865398Z DEBUG sqlx::query: summary="SELECT current_database()" db.statement="" rows_affected=1 rows_returned=1 elapsed=130.23µs elapsed_secs=0.00013023
2025-08-20T12:48:35.865690Z DEBUG sqlx::query: summary="SELECT pg_advisory_unlock($1)" db.statement="" rows_affected=1 rows_returned=1 elapsed=243.243µs elapsed_secs=0.000243243
2025-08-20T12:48:35.865747Z  INFO backend: Database connection established.
2025-08-20T12:48:35.866683Z  INFO backend: Server listening on 0.0.0.0:8085
2025-08-20T12:53:30.709936Z DEBUG sqlx::query: summary="SELECT current_database()" db.statement="" rows_affected=1 rows_returned=1 elapsed=508.241µs elapsed_secs=0.000508241
2025-08-20T12:53:30.710465Z DEBUG sqlx::query: summary="SELECT pg_advisory_lock($1)" db.statement="" rows_affected=1 rows_returned=1 elapsed=441.242µs elapsed_secs=0.000441242
2025-08-20T12:53:30.710814Z  INFO sqlx::postgres::notice: relation "_sqlx_migrations" already exists, skipping
2025-08-20T12:53:30.710843Z DEBUG sqlx::query: summary="CREATE TABLE IF NOT …" db.statement="\n\n\nCREATE TABLE IF NOT EXISTS _sqlx_migrations (\n    version BIGINT PRIMARY KEY,\n    description TEXT NOT NULL,\n    installed_on TIMESTAMPTZ NOT NULL DEFAULT now(),\n    success BOOLEAN NOT NULL,\n    checksum BYTEA NOT NULL,\n    execution_time BIGINT NOT NULL\n);\n                \n" rows_affected=0 rows_returned=0 elapsed=335.034µs elapsed_secs=0.000335034
2025-08-20T12:53:30.712164Z DEBUG sqlx::query: summary="SELECT version FROM _sqlx_migrations …" db.statement="\n\nSELECT version FROM _sqlx_migrations WHERE success = false ORDER BY version LIMIT 1\n" rows_affected=0 rows_returned=0 elapsed=1.288161ms elapsed_secs=0.001288161
2025-08-20T12:53:30.712513Z DEBUG sqlx::query: summary="SELECT version, checksum FROM …" db.statement="\n\nSELECT version, checksum FROM _sqlx_migrations ORDER BY version\n" rows_affected=1 rows_returned=1 elapsed=310.161µs elapsed_secs=0.000310161
2025-08-20T12:53:30.712795Z DEBUG sqlx::query: summary="SELECT current_database()" db.statement="" rows_affected=1 rows_returned=1 elapsed=215.327µs elapsed_secs=0.000215327
2025-08-20T12:53:30.713079Z DEBUG sqlx::query: summary="SELECT pg_advisory_unlock($1)" db.statement="" rows_affected=1 rows_returned=1 elapsed=241.163µs elapsed_secs=0.000241163
2025-08-20T12:53:30.713135Z  INFO backend: Database connection established.
2025-08-20T12:53:30.713965Z  INFO backend: Server listening on 0.0.0.0:8085
